09:11:02:701 [ALWAYS]	GUDE Logging Started
09:11:02:701 [INFO]	SqliteResumeCache::SqliteResumeCache basedirectory is null/empty
09:11:02:701 [ERROR]	SqliteResumeCache::CreateSqliteResumeCache creating resume cache pointer failure
09:11:02:701 [ERROR]	Initialize resume cache pointer failure
09:11:02:701 [INFO]	gude policy POLICY_USER limit (2,2,1) chunk 2097152, chunking (UL 0 DL 1), resXfer 1, adapt 0, NSURL 0, timeout 86400 
09:11:02:701 [INFO]	Initialized -- gude-lib version: v0.12.1 app: gude
09:11:04:535 [WARN]	Ignoring attempt to reinit logging to \gude at level 4 retaining 3 days of logs
09:11:04:536 [INFO]	SqliteResumeCache::SqliteResumeCache basedirectory is null/empty
09:11:04:536 [ERROR]	SqliteResumeCache::CreateSqliteResumeCache creating resume cache pointer failure
09:11:04:536 [ERROR]	Initialize resume cache pointer failure
09:11:04:536 [INFO]	gude policy POLICY_USER limit (4,4,1) chunk 2097152, chunking (UL 0 DL 1), resXfer 1, adapt 0, NSURL 1, timeout 86400 
09:11:04:536 [INFO]	Initialized -- gude-lib version: v0.12.1 app: gude
09:12:47:393 [ALWAYS]	GUDE Logging Started
09:12:47:393 [INFO]	SqliteResumeCache::SqliteResumeCache basedirectory is null/empty
09:12:47:393 [ERROR]	SqliteResumeCache::CreateSqliteResumeCache creating resume cache pointer failure
09:12:47:393 [ERROR]	Initialize resume cache pointer failure
09:12:47:393 [INFO]	gude policy POLICY_USER limit (2,2,1) chunk 2097152, chunking (UL 0 DL 1), resXfer 1, adapt 0, NSURL 0, timeout 86400 
09:12:47:393 [INFO]	Initialized -- gude-lib version: v0.12.1 app: gude
09:12:48:351 [WARN]	Ignoring attempt to reinit logging to \gude at level 4 retaining 3 days of logs
09:12:48:351 [INFO]	SqliteResumeCache::SqliteResumeCache basedirectory is null/empty
09:12:48:351 [ERROR]	SqliteResumeCache::CreateSqliteResumeCache creating resume cache pointer failure
09:12:48:351 [ERROR]	Initialize resume cache pointer failure
09:12:48:351 [INFO]	gude policy POLICY_USER limit (4,4,1) chunk 2097152, chunking (UL 0 DL 1), resXfer 1, adapt 0, NSURL 1, timeout 86400 
09:12:48:351 [INFO]	Initialized -- gude-lib version: v0.12.1 app: gude
09:17:32:324 [ALWAYS]	GUDE Logging Started
09:17:32:324 [INFO]	SqliteResumeCache::SqliteResumeCache basedirectory is null/empty
09:17:32:324 [ERROR]	SqliteResumeCache::CreateSqliteResumeCache creating resume cache pointer failure
09:17:32:324 [ERROR]	Initialize resume cache pointer failure
09:17:32:324 [INFO]	gude policy POLICY_USER limit (2,2,1) chunk 2097152, chunking (UL 0 DL 1), resXfer 1, adapt 0, NSURL 0, timeout 86400 
09:17:32:324 [INFO]	Initialized -- gude-lib version: v0.12.1 app: gude
09:17:33:357 [WARN]	Ignoring attempt to reinit logging to \gude at level 4 retaining 3 days of logs
09:17:33:357 [INFO]	SqliteResumeCache::SqliteResumeCache basedirectory is null/empty
09:17:33:357 [ERROR]	SqliteResumeCache::CreateSqliteResumeCache creating resume cache pointer failure
09:17:33:357 [ERROR]	Initialize resume cache pointer failure
09:17:33:357 [INFO]	gude policy POLICY_USER limit (4,4,1) chunk 2097152, chunking (UL 0 DL 1), resXfer 1, adapt 0, NSURL 1, timeout 86400 
09:17:33:357 [INFO]	Initialized -- gude-lib version: v0.12.1 app: gude
